Library/Bee/Android/Prj/Mono2x/Gradle/unityLibrary/build/intermediates/manifest_merge_blame_file/release/manifest-merger-blame-release-report.txt
1<?xml version="1.0" encoding="utf-8"?>
2<manifest xmlns:android="http://schemas.android.com/apk/res/android"
3    xmlns:tools="http://schemas.android.com/tools"
4    package="com.unity3d.player"
5    android:installLocation="preferExternal"
6    android:versionCode="1"
7    android:versionName="0.2" >
8
9    <uses-sdk
9-->src\main\AndroidManifest.xml:3:3-61
10        android:minSdkVersion="29"
10-->src\main\AndroidManifest.xml:3:3-61
11        android:targetSdkVersion="29"
11-->src\main\AndroidManifest.xml:3:3-61
12        tools:overrideLibrary="com.nreal.glasses_sdk" />
12-->src\main\AndroidManifest.xml:3:13-58
13
14    <supports-screens
14-->src\main\AndroidManifest.xml:4:3-163
15        android:anyDensity="true"
15-->src\main\AndroidManifest.xml:4:135-160
16        android:largeScreens="true"
16-->src\main\AndroidManifest.xml:4:78-105
17        android:normalScreens="true"
17-->src\main\AndroidManifest.xml:4:49-77
18        android:smallScreens="true"
18-->src\main\AndroidManifest.xml:4:21-48
19        android:xlargeScreens="true" />
19-->src\main\AndroidManifest.xml:4:106-134
20
21    <uses-permission android:name="android.permission.BLUETOOTH" />
21-->src\main\AndroidManifest.xml:21:3-66
21-->src\main\AndroidManifest.xml:21:20-63
22    <uses-permission android:name="android.permission.CAMERA" />
22-->src\main\AndroidManifest.xml:22:3-63
22-->src\main\AndroidManifest.xml:22:20-60
23    <uses-permission android:name="android.permission.RECORD_AUDIO" />
23-->src\main\AndroidManifest.xml:23:3-69
23-->src\main\AndroidManifest.xml:23:20-66
24
25    <uses-feature android:glEsVersion="0x00030000" />
25-->src\main\AndroidManifest.xml:24:3-52
25-->src\main\AndroidManifest.xml:24:17-49
26
27    <uses-permission android:name="android.permission.INTERNET" />
27-->src\main\AndroidManifest.xml:25:3-65
27-->src\main\AndroidManifest.xml:25:20-62
28    <uses-permission android:name="android.permission.VIBRATE" />
28-->src\main\AndroidManifest.xml:26:3-64
28-->src\main\AndroidManifest.xml:26:20-61
29    <uses-permission android:name="android.permission.ACCESS_NETWORK_STATE" />
29-->src\main\AndroidManifest.xml:27:3-77
29-->src\main\AndroidManifest.xml:27:20-74
30    <uses-permission android:name="android.permission.WRITE_EXTERNAL_STORAGE" />
30-->src\main\AndroidManifest.xml:28:3-79
30-->src\main\AndroidManifest.xml:28:20-76
31
32    <uses-feature
32-->src\main\AndroidManifest.xml:29:3-88
33        android:name="android.hardware.touchscreen"
33-->src\main\AndroidManifest.xml:29:17-60
34        android:required="false" />
34-->src\main\AndroidManifest.xml:29:61-85
35    <uses-feature
35-->src\main\AndroidManifest.xml:30:3-99
36        android:name="android.hardware.touchscreen.multitouch"
36-->src\main\AndroidManifest.xml:30:17-71
37        android:required="false" />
37-->src\main\AndroidManifest.xml:30:72-96
38    <uses-feature
38-->src\main\AndroidManifest.xml:31:3-108
39        android:name="android.hardware.touchscreen.multitouch.distinct"
39-->src\main\AndroidManifest.xml:31:17-80
40        android:required="false" />
40-->src\main\AndroidManifest.xml:31:81-105
41
42    <application
42-->src\main\AndroidManifest.xml:5:3-20:17
43        android:extractNativeLibs="true"
43-->src\main\AndroidManifest.xml:5:123-155
44        android:icon="@mipmap/app_icon"
44-->src\main\AndroidManifest.xml:5:58-89
45        android:label="@string/app_name"
45-->src\main\AndroidManifest.xml:5:90-122
46        android:theme="@style/UnityThemeSelector" >
46-->src\main\AndroidManifest.xml:5:16-57
47        <activity
47-->src\main\AndroidManifest.xml:6:5-12:16
48            android:name="com.unity3d.player.UnityPlayerActivity"
48-->src\main\AndroidManifest.xml:6:15-68
49            android:configChanges="mcc|mnc|locale|touchscreen|keyboard|keyboardHidden|navigation|orientation|screenLayout|uiMode|screenSize|smallestScreenSize|fontScale|layoutDirection|density"
49-->src\main\AndroidManifest.xml:6:138-319
50            android:hardwareAccelerated="false"
50-->src\main\AndroidManifest.xml:6:355-390
51            android:launchMode="singleTask"
51-->src\main\AndroidManifest.xml:6:106-137
52            android:resizeableActivity="false"
52-->src\main\AndroidManifest.xml:6:320-354
53            android:screenOrientation="portrait" >
53-->src\main\AndroidManifest.xml:6:69-105
54            <intent-filter>
54-->src\main\AndroidManifest.xml:7:7-10:23
55                <action android:name="android.intent.action.MAIN" />
55-->src\main\AndroidManifest.xml:8:9-61
55-->src\main\AndroidManifest.xml:8:17-58
56
57                <category android:name="android.intent.category.LAUNCHER" />
57-->src\main\AndroidManifest.xml:9:9-69
57-->src\main\AndroidManifest.xml:9:19-66
58            </intent-filter>
59
60            <meta-data
60-->src\main\AndroidManifest.xml:11:7-78
61                android:name="android.notch_support"
61-->src\main\AndroidManifest.xml:11:18-54
62                android:value="true" />
62-->src\main\AndroidManifest.xml:11:55-75
63        </activity>
64
65        <meta-data
65-->src\main\AndroidManifest.xml:13:5-64
66            android:name="nreal_sdk"
66-->src\main\AndroidManifest.xml:13:16-40
67            android:value="true" />
67-->src\main\AndroidManifest.xml:13:41-61
68        <meta-data
68-->src\main\AndroidManifest.xml:14:5-94
69            android:name="com.nreal.supportDevices"
69-->src\main\AndroidManifest.xml:14:16-55
70            android:value="NrealLight|NrealAir" />
70-->src\main\AndroidManifest.xml:14:56-91
71        <meta-data
71-->src\main\AndroidManifest.xml:15:5-69
72            android:name="unity.splash-mode"
72-->src\main\AndroidManifest.xml:15:16-48
73            android:value="0" />
73-->src\main\AndroidManifest.xml:15:49-66
74        <meta-data
74-->src\main\AndroidManifest.xml:16:5-74
75            android:name="unity.splash-enable"
75-->src\main\AndroidManifest.xml:16:16-50
76            android:value="True" />
76-->src\main\AndroidManifest.xml:16:51-71
77        <meta-data
77-->src\main\AndroidManifest.xml:17:5-78
78            android:name="unity.launch-fullscreen"
78-->src\main\AndroidManifest.xml:17:16-54
79            android:value="True" />
79-->src\main\AndroidManifest.xml:17:55-75
80        <meta-data
80-->src\main\AndroidManifest.xml:18:5-84
81            android:name="unity.allow-resizable-window"
81-->src\main\AndroidManifest.xml:18:16-59
82            android:value="False" />
82-->src\main\AndroidManifest.xml:18:60-81
83        <meta-data
83-->src\main\AndroidManifest.xml:19:5-81
84            android:name="notch.config"
84-->src\main\AndroidManifest.xml:19:16-43
85            android:value="portrait|landscape" />
85-->src\main\AndroidManifest.xml:19:44-78
86    </application>
87
88</manifest>